Arguments: 
  /opt/homebrew/Cellar/node@18/18.14.1/bin/node /opt/homebrew/bin/yarn

PATH: 
  /Users/xuwenhua/Library/pnpm:/opt/homebrew/bin:/opt/homebrew/sbin:/usr/local/bin:/System/Cryptexes/App/usr/bin:/usr/bin:/bin:/usr/sbin:/sbin:/Library/Apple/usr/bin:/Users/xuwenhua/Library/pnpm:/opt/homebrew/bin:/opt/homebrew/sbin

Yarn version: 
  1.22.18

Node version: 
  18.14.1

Platform: 
  darwin arm64

Trace: 
  Error: ENOENT: no such file or directory, copyfile '/Users/xuwenhua/Library/Caches/Yarn/v6/npm-find-up-3.0.0-49169f1d7993430646da61ecc5ae355c21c97b73-integrity/node_modules/find-up/license' -> '/Users/xuwenhua/personal/OpenSource/gogocode-main/packages/gogocode-core/node_modules/lerna/node_modules/find-up/license'

npm manifest: 
  {
      "name": "gogocode",
      "version": "1.0.54",
      "description": "The simplest tool to parse/transform/generate code on ast",
      "keywords": [
          "babel",
          "jscodeshift",
          "acorn",
          "babylon",
          "recast",
          "babel-generator",
          "babel-template",
          "babel-traverse",
          "babel-types",
          "esprima",
          "html-ast-transform",
          "htmlparser-to-html",
          "htmlparser2",
          "parse5",
          "ast"
      ],
      "main": "index.js",
      "browser": "umd/gogocode.js",
      "types": "types/index.d.ts",
      "scripts": {
          "test": "jest --coverage",
          "build": "rollup -c",
          "prepublishOnly": "npm run build && npm run test"
      },
      "repository": {
          "type": "git",
          "url": "git@github.com:thx/gogocode.git"
      },
      "author": "yexi",
      "license": "MIT",
      "devDependencies": {
          "rollup": "^2.70.1",
          "@rollup/plugin-commonjs": "^21.0.2",
          "@rollup/plugin-json": "^4.1.0",
          "@rollup/plugin-node-resolve": "^13.1.3",
          "rollup-plugin-polyfill-node": "^0.8.0",
          "rollup-plugin-terser": "^7.0.2",
          "jest": "^26.6.3",
          "lerna": "^3.22.1",
          "typescript": "^3.5.2"
      },
      "dependencies": {
          "@babel/parser": "^7.7.7",
          "glob": "^7.1.6",
          "hyntax-yx": "^1.0.3",
          "indent-string": "^4.0.0",
          "recast-yx": "^0.18.11",
          "vue3-browser-compiler-yx": "^1.0.4"
      },
      "jest": {
          "collectCoverage": true,
          "coverageDirectory": "./coverage/",
          "collectCoverageFrom": [
              "src/**/*.js",
              "index.js",
              "!**/node_modules/**",
              "!src/browser.js",
              "!src/run-html-plugin.js",
              "!src/run-js-plugin.js",
              "!src/serialize-node.js",
              "!src/file-tool/read-file.js",
              "!src/file-tool/write-file.js",
              "!src/js-core/build-node.js",
              "!src/js-core/get-absolute-value.js"
          ],
          "testPathIgnorePatterns": [
              "/node_modules/"
          ]
      }
  }

yarn manifest: 
  No manifest

Lockfile: 
  No lockfile
